INFO: Запускаем сканирование в режиме One, монет найдено: 56
WARNING: Пропускаем USDEUSDT — мало данных
WARNING: Пропускаем WLFIUSDT — мало данных
WARNING: Пропускаем ONDOUSDT — мало данных
WARNING: Пропускаем USD1USDT — мало данных
WARNING: Пропускаем PUMPUSDT — мало данных
WARNING: Пропускаем XPLUSDT — мало данных
WARNING: Пропускаем BFUSDUSDT — мало данных
WARNING: Пропускаем SKYUSDT — мало данных
INFO: ntfy: отправлено сообщение для BONKUSDT
INFO: SHORT сигнал для BONKUSDT
INFO: ntfy: отправлено сообщение для SUMMARY
INFO: Сканирование завершено
Запуск сканера в режиме: One
Готово!
INFO: Запускаем сканирование в режиме One, монет найдено: 55
WARNING: Пропускаем USDEUSDT — мало данных
WARNING: Пропускаем WLFIUSDT — мало данных
WARNING: Пропускаем ONDOUSDT — мало данных
WARNING: Пропускаем USD1USDT — мало данных
WARNING: Пропускаем PUMPUSDT — мало данных
WARNING: Пропускаем XPLUSDT — мало данных
WARNING: Пропускаем BFUSDUSDT — мало данных
WARNING: Пропускаем SKYUSDT — мало данных
INFO: ntfy: отправлено сообщение для BONKUSDT
INFO: SHORT сигнал для BONKUSDT
INFO: ntfy: отправлено сообщение для SUMMARY
INFO: Сканирование завершено
Запуск сканера в режиме: One
Готово!
INFO: Запускаем сканирование в режиме One, монет найдено: 55
WARNING: Пропускаем USDEUSDT — мало данных
WARNING: Пропускаем WLFIUSDT — мало данных
WARNING: Пропускаем ONDOUSDT — мало данных
WARNING: Пропускаем USD1USDT — мало данных
WARNING: Пропускаем PUMPUSDT — мало данных
WARNING: Пропускаем XPLUSDT — мало данных
WARNING: Пропускаем BFUSDUSDT — мало данных
WARNING: Пропускаем SKYUSDT — мало данных
INFO: ntfy: отправлено сообщение для BONKUSDT
INFO: SHORT сигнал для BONKUSDT
INFO: ntfy: отправлено сообщение для SUMMARY
INFO: Сканирование завершено
Запуск сканера в режиме: One
Готово!
INFO: Запускаем сканирование в режиме One, монет найдено: 55
WARNING: Пропускаем USDEUSDT — мало данных
WARNING: Пропускаем WLFIUSDT — мало данных
WARNING: Пропускаем ONDOUSDT — мало данных
WARNING: Пропускаем USD1USDT — мало данных
WARNING: Пропускаем PUMPUSDT — мало данных
WARNING: Пропускаем XPLUSDT — мало данных
WARNING: Пропускаем BFUSDUSDT — мало данных
WARNING: Пропускаем SKYUSDT — мало данных
INFO: ntfy: отправлено сообщение для BONKUSDT
INFO: SHORT сигнал для BONKUSDT
INFO: ntfy: отправлено сообщение для SUMMARY
INFO: Сканирование завершено
Запуск сканера в режиме: One
Готово!
INFO: Запускаем сканирование в режиме One, монет найдено: 56
WARNING: Пропускаем USDEUSDT — мало данных
WARNING: Пропускаем WLFIUSDT — мало данных
WARNING: Пропускаем ONDOUSDT — мало данных
WARNING: Пропускаем USD1USDT — мало данных
WARNING: Пропускаем PUMPUSDT — мало данных
WARNING: Пропускаем XPLUSDT — мало данных
WARNING: Пропускаем BFUSDUSDT — мало данных
WARNING: Пропускаем SKYUSDT — мало данных
INFO: ntfy: отправлено сообщение для BONKUSDT
INFO: SHORT сигнал для BONKUSDT
INFO: ntfy: отправлено сообщение для SUMMARY
INFO: Сканирование завершено
Запуск сканера в режиме: One
Готово!
